[*][1;33m å½“å‰è¿è¡Œå‘½ä»¤: sudo ./palera1n.sh --rootfull 15.7.3 [0m
[*] [1;34m palera1n [0m | [1;35m ç‰ˆæœ¬å·:[0m [1;35m 2.0.0 -[1;34m DavidDengHui  [1;35m æ›´æ–°æ—¥æœŸ: 2023.02.08 [0m
[1;34m Nebulaå’ŒMineekåŸåˆ›ç¼–å†™ | éƒ¨åˆ†ä»£ç æ¥è‡ªNathançš„ramdisk. [0m
[1;34m ç‰¹åˆ«æ„Ÿè°¢ checkra1n å›¢é˜Ÿçš„è¾›å‹¤å·¥ä½œ,å¼€æºä»£ç å’Œå¯å‘. [0m
[1;34m å³ä½¿æˆ‘ä»¬ä½¿ç”¨ checkra1n,æˆ‘ä»¬ä¹Ÿä¸ä»¥ä»»ä½•æ–¹å¼,å½¢å¼æˆ–å½¢å¼éš¶å±äºä»–ä»¬. [0m
[1;34m è¿™ä¸ªå·¥å…·æ˜¯ç‹¬ç«‹é¡¹ç›®,æ²¡æœ‰å¾—åˆ° checkra1n çš„è®¤å¯,ä¹Ÿä¸è¢«ä»–ä»¬æ”¯æŒ. [0m
[1;34m palera1næŒ‰åŸæ ·æä¾›ï¼Œä¸æä¾›ä»»ä½•æ˜ç¤ºæˆ–æš—ç¤ºçš„ä¿è¯. [0m
[1;34m palera1nå¯¹æ‚¨çš„è®¾å¤‡å¯èƒ½å‘ç”Ÿçš„ä»»ä½•æŸåã€æ•°æ®ä¸¢å¤±æˆ–ä»»ä½•å…¶ä»–é—®é¢˜æ¦‚ä¸è´Ÿè´£. [0m

[1;33m[*] è­¦å‘Šï¼šå°†ä½¿ç”¨rootfullæ¨¡å¼è¶Šç‹±,è¿™æ˜¯åŠé™åˆ¶,éœ€è¦å¼•å¯¼è¶Šç‹±![0m
[1;33m[*] æ‚¨æ˜¯å¦ 100% ç¡®å®šè¦ç»§ç»­? (y/n)[0m
[1;31m[!] è¶Šç‹±å®Œæˆåçš„å¿…é¡»æ­¥éª¤:[0m
[1;31m[!] ç»ˆç«¯è¾“å…¥:[1;34m'bootstrap'[1;31m å®‰è£…è¶Šç‹±ç¯å¢ƒ.[0m
[!] è€å¿ƒç­‰å¾…5åˆ†é’Ÿ,Sileo å’Œ Substitute å°†è¢«å®‰è£…åˆ°iOSè®¾å¤‡.
[*][1;34m ç­‰å¾…è®¾å¤‡è¿æ¥ [0m
[*][1;34m å½“å‰è®¾å¤‡æ˜¯: normal æ¨¡å¼ [0m
Hello, iPhone9,2 on 15.7.3!
[*][1;34m åˆ‡æ¢åˆ°æ¢å¤æ¨¡å¼...ç¨ç­‰10ç§’é’Ÿ [0m
Telling device with udid 7bb57c0d91b2feec5d076aa5da38c63d3b241ab3 to enter recovery mode.
Device is successfully switching to recovery mode.
[*][1;34m ç­‰å¾…è®¾å¤‡è¿›å…¥ recovery æ¨¡å¼[0m
[*][1;34m è¯»å–è®¾å¤‡ä¿¡æ¯ä¸­...[0m
[*][1;34m æŒ‰ä»»æ„é”®å¼€å§‹è¿›å…¥DFUæ¨¡å¼[0m
[K[1;36mè¯·å‡†å¤‡ (3)[K[1;36mè¯·å‡†å¤‡ (2)[K[1;36mè¯·å‡†å¤‡ (1)[K[1;36mè¯·å‡†å¤‡ (0)[0m
[K[1;36mæŒ‰ä½éŸ³é‡å‡ + ç”µæºé”® (4)[K[1;36mæŒ‰ä½éŸ³é‡å‡ + ç”µæºé”® (3)[K[1;36mæŒ‰ä½éŸ³é‡å‡ + ç”µæºé”® (2)[K[1;36mæŒ‰ä½éŸ³é‡å‡ + ç”µæºé”® (1)[K[1;36mæŒ‰ä½éŸ³é‡å‡ + ç”µæºé”® (0)[0m
[K[1;36mæ¾å¼€ ç”µæºé”®, ç»§ç»­æŒ‰ä½ éŸ³é‡å‡ (10)[K[1;36mæ¾å¼€ ç”µæºé”®, ç»§ç»­æŒ‰ä½ éŸ³é‡å‡ (9)[K[1;36mæ¾å¼€ ç”µæºé”®, ç»§ç»­æŒ‰ä½ éŸ³é‡å‡ (8)[K[1;36mæ¾å¼€ ç”µæºé”®, ç»§ç»­æŒ‰ä½ éŸ³é‡å‡ (7)[K[1;36mæ¾å¼€ ç”µæºé”®, ç»§ç»­æŒ‰ä½ éŸ³é‡å‡ (6)[K[1;36mæ¾å¼€ ç”µæºé”®, ç»§ç»­æŒ‰ä½ éŸ³é‡å‡ (5)[K[1;36mæ¾å¼€ ç”µæºé”®, ç»§ç»­æŒ‰ä½ éŸ³é‡å‡ (4)[0m
[*][1;34m æˆåŠŸè¿›å…¥DFUæ¨¡å¼![0m
[*] Resetting DFU state
usb_timeout: 5
[libusb] Waiting for the USB handle with VID: 0x5AC, PID: 0x1227
Found the USB handle.
[*][1;34m å¯åŠ¨è®¾å¤‡ä¸­ ...[0m
[!][1;34m  è¶Šç‹±å®Œæˆåï¼Œæ‚¨éœ€è¦æ‰‹åŠ¨å¼•å¯¼bootstrap. [0m
[!][1;34m  æ‚¨å¯ä»¥é€šè¿‡è¿è¡Œiproxy 1337 1337å¼€å¯SSHé€šé“ [0m
[!][1;34m  è¿è¡Œå‘½ä»¤ 'nc 127.1 1337'è¿æ¥é€šé“,è¾“å…¥'bootstrap' å®‰è£…è¶Šç‹±. [0m
[!][1;34m  å‡ ç§’é’Ÿå,Sileo å’Œ Substitute å°†è¢«å®‰è£…. [0m
#
# Checkra1n 0.1337.0
#
# Proudly written in nano
# (c) 2019-2022 Kim Jong Cracks
#
#========  Made by  =======
# argp, axi0mx, danyl931, jaywalker, kirb, littlelailo, nitoTV
# never_released, nullpixel, pimskeks, qwertyoruiop, sbingner, siguza
#======== Thanks to =======
# haifisch, jndok, jonseals, xerub, lilstevie, psychotea, sferrini
# Cellebrite (ih8sn0w, cjori, ronyrus et al.)
#==========================

 - [02/08/23 13:41:56] <Info>: Waiting for DFU mode devices
 - [02/08/23 13:41:57] <Verbose>: DFU mode device found
 - [02/08/23 13:41:57] <Info>: Checking if device is ready
 - [02/08/23 13:41:57] <Verbose>: Attempting to perform checkm8 on 8010 11
 - [02/08/23 13:41:57] <Info>: Setting up the exploit
 - [02/08/23 13:41:57] <Verbose>: == checkm8 setup stage ==
 - [02/08/23 13:41:57] <Verbose>: UaF race: setup packet was accepted, attempting heuristic strategy
 - [02/08/23 13:41:57] <Verbose>: UaF race: heuristic strategy was successful
 - [02/08/23 13:41:57] <Verbose>: Entered initial checkm8 state after 1 steps
 - [02/08/23 13:41:57] <Verbose>: Stalled input endpoint after 1 steps
 - [02/08/23 13:41:57] <Verbose>: DFU mode device disconnected
 - [02/08/23 13:41:57] <Verbose>: DFU mode device found
 - [02/08/23 13:41:57] <Verbose>: == checkm8 trigger stage ==
 - [02/08/23 13:41:57] <Info>: Checkmate!
 - [02/08/23 13:41:57] <Verbose>: Device should now reconnect in download mode
 - [02/08/23 13:41:57] <Verbose>: DFU mode device disconnected
 - [02/08/23 13:42:04] <Info>: Entered download mode
 - [02/08/23 13:42:04] <Verbose>: Download mode device found
 - [02/08/23 13:42:04] <Info>: Booting PongoOS...
 - [02/08/23 13:42:04] <Verbose>: Download mode device disconnected
 - [02/08/23 13:42:05] <Info>: Entered Pongo USB mode
 - [02/08/23 13:42:05] <Verbose>: Pongo USB mode device found
 - [02/08/23 13:42:05] <Verbose>: Setting bootargs to: rootdev=md0
 - [02/08/23 13:42:07] <Error>: Pongo USB error: 00000047 (error code: -status_bootx)
 - [02/08/23 13:42:07] <Verbose>: Pongo USB mode device disconnected
