[*][1;33m å½“å‰è¿è¡Œå‘½ä»¤: sudo ./palera1n.sh --rootfull 15.7.3 [0m
[*] [1;34m palera1n [0m | [1;35m ç‰ˆæœ¬å·:[0m [1;35m 1.5.0 -[1;34m b92c52  [1;35m æ›´æ–°æ—¥æœŸ: 2023.01.03 [0m
[1;34m Nebulaå’ŒMineekåŸåˆ›ç¼–å†™ | éƒ¨åˆ†ä»£ç æ¥è‡ªNathançš„ramdisk. [0m
[1;34m ç‰¹åˆ«æ„Ÿè°¢ checkra1n å›¢é˜Ÿçš„è¾›å‹¤å·¥ä½œ,å¼€æºä»£ç å’Œå¯å‘. [0m
[1;34m å³ä½¿æˆ‘ä»¬ä½¿ç”¨ checkra1n,æˆ‘ä»¬ä¹Ÿä¸ä»¥ä»»ä½•æ–¹å¼,å½¢å¼æˆ–å½¢å¼éš¶å±äºä»–ä»¬. [0m
[1;34m è¿™ä¸ªå·¥å…·æ˜¯ç‹¬ç«‹é¡¹ç›®,æ²¡æœ‰å¾—åˆ° checkra1n çš„è®¤å¯,ä¹Ÿä¸è¢«ä»–ä»¬æ”¯æŒ. [0m
[1;34m palera1næŒ‰åŸæ ·æä¾›ï¼Œä¸æä¾›ä»»ä½•æ˜ç¤ºæˆ–æš—ç¤ºçš„ä¿è¯. [0m
[1;34m palera1nå¯¹æ‚¨çš„è®¾å¤‡å¯èƒ½å‘ç”Ÿçš„ä»»ä½•æŸåã€æ•°æ®ä¸¢å¤±æˆ–ä»»ä½•å…¶ä»–é—®é¢˜æ¦‚ä¸è´Ÿè´£. [0m

[1;33m[*] è­¦å‘Šï¼šå°†ä½¿ç”¨rootfullæ¨¡å¼è¶Šç‹±,è¿™æ˜¯åŠé™åˆ¶,éœ€è¦å¼•å¯¼è¶Šç‹±![0m
[1;33m[*] æ‚¨æ˜¯å¦ 100% ç¡®å®šè¦ç»§ç»­? (y/n)[0m
[1;31m[!] è¶Šç‹±å®Œæˆåçš„å¿…é¡»æ­¥éª¤:[0m
[1;31m[!] ç»ˆç«¯è¾“å…¥:[1;34m'bootstrap'[1;31m å®‰è£…è¶Šç‹±ç¯å¢ƒ.[0m
[!] è€å¿ƒç­‰å¾…5åˆ†é’Ÿ,Sileo å’Œ Substitute å°†è¢«å®‰è£…åˆ°iOSè®¾å¤‡.
[*][1;34m ç­‰å¾…è®¾å¤‡è¿æ¥ [0m
[*][1;34m å½“å‰è®¾å¤‡æ˜¯: normal æ¨¡å¼ [0m
ERROR: Could not connect to lockdownd: Invalid HostID (-21)
ERROR: Could not connect to lockdownd: Invalid HostID (-21)
Hello,  on 15.7.3!
[*][1;34m åˆ‡æ¢åˆ°æ¢å¤æ¨¡å¼...ç¨ç­‰10ç§’é’Ÿ [0m
ERROR: Could not connect to lockdownd: Invalid HostID (-21)
ERROR: No UDID specified
Usage: ideviceenterrecovery [OPTIONS] UDID

Makes a device with the supplied UDID enter recovery mode immediately.

OPTIONS:
  -d, --debug           enable communication debugging
  -h, --help            prints usage information
  -v, --version         prints version information

Homepage:    <https://libimobiledevice.org>
Bug Reports: <https://github.com/libimobiledevice/libimobiledevice/issues>
[-] å½“å‰ä»£ç æŠ¥é”™
[*] å·²åˆ¶ä½œå¤±è´¥æ—¥å¿—.
