[*][1;33m 当前运行命令: sudo ./palera1n.sh --rootfull 15.7.3 [0m
[*] [1;34m palera1n [0m | [1;35m 版本号:[0m [1;35m 2.0.0 -[1;34m DavidDengHui  [1;35m 更新日期: 2023.02.08 [0m
[1;34m Nebula和Mineek原创编写 | 部分代码来自Nathan的ramdisk. [0m
[1;34m 特别感谢 checkra1n 团队的辛勤工作,开源代码和启发. [0m
[1;34m 即使我们使用 checkra1n,我们也不以任何方式,形式或形式隶属于他们. [0m
[1;34m 这个工具是独立项目,没有得到 checkra1n 的认可,也不被他们支持. [0m
[1;34m palera1n按原样提供，不提供任何明示或暗示的保证. [0m
[1;34m palera1n对您的设备可能发生的任何损坏、数据丢失或任何其他问题概不负责. [0m

[1;33m[*] 警告：将使用rootfull模式越狱,这是半限制,需要引导越狱![0m
[1;33m[*] 您是否 100% 确定要继续? (y/n)[0m
[1;31m[!] 越狱完成后的必须步骤:[0m
[1;31m[!] 终端输入:[1;34m'bootstrap'[1;31m 安装越狱环境.[0m
[!] 耐心等待5分钟,Sileo 和 Substitute 将被安装到iOS设备.
[*][1;34m 等待设备连接 [0m
[*][1;34m 当前设备是: normal 模式 [0m
Hello, iPhone9,2 on 15.7.3!
[*][1;34m 切换到恢复模式...稍等10秒钟 [0m
Telling device with udid 7bb57c0d91b2feec5d076aa5da38c63d3b241ab3 to enter recovery mode.
Device is successfully switching to recovery mode.
[*][1;34m 等待设备进入 recovery 模式[0m
[*][1;34m 读取设备信息中...[0m
[*][1;34m 按任意键开始进入DFU模式[0m
[K[1;36m请准备 (3)[K[1;36m请准备 (2)[K[1;36m请准备 (1)[K[1;36m请准备 (0)[0m
[K[1;36m按住音量减 + 电源键 (4)[K[1;36m按住音量减 + 电源键 (3)[K[1;36m按住音量减 + 电源键 (2)[K[1;36m按住音量减 + 电源键 (1)[K[1;36m按住音量减 + 电源键 (0)[0m
[K[1;36m松开 电源键, 继续按住 音量减 (10)[K[1;36m松开 电源键, 继续按住 音量减 (9)[K[1;36m松开 电源键, 继续按住 音量减 (8)[K[1;36m松开 电源键, 继续按住 音量减 (7)[K[1;36m松开 电源键, 继续按住 音量减 (6)[K[1;36m松开 电源键, 继续按住 音量减 (5)[K[1;36m松开 电源键, 继续按住 音量减 (4)[K[1;36m松开 电源键, 继续按住 音量减 (3)[K[1;36m松开 电源键, 继续按住 音量减 (2)[K[1;36m松开 电源键, 继续按住 音量减 (1)[K[1;36m松开 电源键, 继续按住 音量减 (0)[0m
[*][1;34m 进入DFU模式失败,请重新运行程序![0m
[-] 进入DFU模式失败,请重新运行工具
[-] 当前代码报错
[*] 已制作失败日志.
